[1778256163] Patient 1 got bed 0
[1778256163] Patient 2 got bed 1
[1778256163] Patient 3 got bed 2
[1778256166] Patient 10 got bed 0
[1778256169] Patient 11 got bed 3
[1778256172] Patient 12 got bed 2
[1778256172] Patient 11 discharged
[1778256173] Patient 10 discharged
[1778256175] Patient 13 got bed 0
[1778256178] Patient 14 got bed 1
[1778256178] Patient 13 discharged
[1778256179] Patient 12 discharged
[1778256181] Patient 15 got bed 0
[1778256184] Patient 16 got bed 2
[1778256184] Patient 15 discharged
[1778256185] Patient 14 discharged
[1778256187] Patient 17 got bed 0
[1778256190] Patient 18 got bed 1
[1778256190] Patient 17 discharged
[1778256191] Patient 16 discharged
[1778256193] Patient 19 got bed 0
[1778257523] Patient 1 got bed 0
[1778257523] Patient 2 got bed 1
[1778257523] Patient 3 got bed 2
[1778257526] Patient 10 got bed 0
[1778257529] Patient 11 got bed 3
[1778257532] Patient 12 got bed 2
[1778257533] Patient 2 discharged
[1778257533] Patient 10 discharged
[1778257535] Patient 13 got bed 0
[1778257538] Patient 14 got bed 1
[1778257538] Patient 13 discharged
[1778257539] Patient 12 discharged
[1778257541] Patient 15 got bed 0
[1778257544] Patient 16 got bed 2
[1778257544] Patient 15 discharged
[1778257545] Patient 14 discharged
[1778257547] Patient 17 got bed 0
